<?xml version="1.0" encoding="UTF-8"?>
<testsuite name="PersonTest" tests="1" skipped="0" failures="0" errors="0" timestamp="2021-11-03T06:57:52" hostname="NEWPC" time="0.041">
  <properties/>
  <testcase name="sortBySurnamesDescending()" classname="PersonTest" time="0.041"/>
  <system-out><![CDATA[]]></system-out>
  <system-err><![CDATA[]]></system-err>
</testsuite>
