<?xml version="1.0" encoding="UTF-8"?>
<testsuite name="PersonTest" tests="7" skipped="0" failures="0" errors="0" timestamp="2021-11-05T05:10:08" hostname="NEWPC" time="0.061">
  <properties/>
  <testcase name="paginate3Count3Page()" classname="PersonTest" time="0.042"/>
  <testcase name="sortBySurnamesDescending()" classname="PersonTest" time="0.005"/>
  <testcase name="filterByGenderFEMALE()" classname="PersonTest" time="0.002"/>
  <testcase name="filterFEMALESortNameAscending()" classname="PersonTest" time="0.002"/>
  <testcase name="filterByNameJenyaAndSurnameAlekseev()" classname="PersonTest" time="0.001"/>
  <testcase name="filterBySurnameIvanov()" classname="PersonTest" time="0.001"/>
  <testcase name="filterByNameArtem()" classname="PersonTest" time="0.001"/>
  <system-out><![CDATA[[Jenya Alekseev 2013-04-05 MALE, Slava Lomakin 2002-11-15 MALE, Anna Volkova 2002-07-06 FEMALE]
]]></system-out>
  <system-err><![CDATA[]]></system-err>
</testsuite>
